[  1]     8s added          02_Foundations/Bridge-to-A-Level/From-Circuits-to-Circuit-Models.md  ←  RLC circuit
[  2]    16s added          02_Foundations/Bridge-to-A-Level/From-Distance-to-Displacement.md  ←  Displacement (geometry)
[  3]    24s added          02_Foundations/Bridge-to-A-Level/From-Speed-to-Velocity.md  ←  Velocity
[  4]    33s added          02_Foundations/Bridge-to-A-Level/From-Waves-to-Superposition.md  ←  Superposition principle
[  5]    40s added          02_Foundations/Bridge-to-A-Level/From-Weight-to-Gravitational-Field-Strength.md  ←  Gravitational constant
[  6]    49s added          02_Foundations/Everyday-Physics/Why-Ice-Floats.md  ←  Phases of ice
[  7]    58s added          02_Foundations/Everyday-Physics/Why-Metal-Feels-Colder-Than-Wood.md  ←  Black metal
[  8]    64s no-images      02_Foundations/Everyday-Physics/Why-Objects-Keep-Moving-in-Space.md  ←  Objects in Space
[  9]    71s no-article     02_Foundations/Everyday-Physics/Why-Seatbelts-Matter.md  ←  Why Seatbelts Matter
[ 10]    77s added          02_Foundations/Everyday-Physics/Why-Sky-Is-Blue.md  ←  Diffuse sky radiation
[ 11]    85s added          02_Foundations/Everyday-Physics/Why-Sound-Needs-a-Medium.md  ←  History of sound recording
[ 12]    89s added          02_Foundations/GCSE-Foundations/Atoms.md  ←  Atom
[ 13]    96s added          02_Foundations/GCSE-Foundations/Balanced-and-Unbalanced-Forces.md  ←  Balanced scorecard
[ 14]   106s added          02_Foundations/GCSE-Foundations/Contact-and-Non-Contact-Forces.md  ←  Contact mechanics
[ 15]   111s added          02_Foundations/GCSE-Foundations/Electric-Current.md  ←  Electric current
[ 16]   115s added          02_Foundations/GCSE-Foundations/Energy-GCSE.md  ←  Energy
[ 17]   119s added          02_Foundations/GCSE-Foundations/Force.md  ←  Force
[ 18]   124s added          02_Foundations/GCSE-Foundations/Power.md  ←  Power (physics)
[ 19]   128s added          02_Foundations/GCSE-Foundations/Resistance.md  ←  Electrical resistance and conductance
[ 20]   132s added          02_Foundations/GCSE-Foundations/Voltage.md  ←  Voltage
[ 21]   137s added          02_Foundations/GCSE-Foundations/Waves-GCSE.md  ←  Wave
[ 22]   141s added          03_Physical-Quantities/Acceleration.md  ←  Acceleration
[ 23]   145s no-images      03_Physical-Quantities/Acoustic-Impedance.md  ←  Acoustic impedance
[ 24]   152s added          03_Physical-Quantities/Activity.md  ←  Radioactive decay
[ 25]   154s added          03_Physical-Quantities/Amplitude.md  ←  Amplitude
[ 26]   159s added          03_Physical-Quantities/Angular-Velocity.md  ←  Angular velocity
[ 27]   162s added          03_Physical-Quantities/Area.md  ←  Area
[ 28]   167s added          03_Physical-Quantities/Boltzmann-Constant.md  ←  Boltzmann constant
[ 29]   171s added          03_Physical-Quantities/Capacitance.md  ←  Capacitance
[ 30]   174s added          03_Physical-Quantities/Centripetal-Acceleration.md  ←  Acceleration
[ 31]   177s no-images      03_Physical-Quantities/Charge.md  ←  Charge (physics)
[ 32]   184s added          03_Physical-Quantities/Coefficient-of-Friction.md  ←  Friction
[ 33]   190s added          03_Physical-Quantities/Current.md  ←  Electric current
[ 34]   193s added          03_Physical-Quantities/Decay-Constant.md  ←  Exponential decay
[ 35]   198s added          03_Physical-Quantities/Density.md  ←  Density
[ 36]   202s added          03_Physical-Quantities/Displacement.md  ←  Displacement (geometry)
[ 37]   206s added          03_Physical-Quantities/Distance.md  ←  Distance
[ 38]   209s added          03_Physical-Quantities/Electric-Field-Strength.md  ←  Electric field
[ 39]   214s added          03_Physical-Quantities/Electric-Potential.md  ←  Electric potential
[ 40]   217s added          03_Physical-Quantities/Electromotive-Force.md  ←  Electromotive force
[ 41]   221s added          03_Physical-Quantities/Energy-Quantity.md  ←  Energy
[ 42]   225s added          03_Physical-Quantities/Force.md  ←  Force
[ 43]   229s added          03_Physical-Quantities/Frequency.md  ←  Frequency
[ 44]   233s added          03_Physical-Quantities/Gravitational-Field-Strength.md  ←  Gravitational acceleration
[ 45]   239s added          03_Physical-Quantities/Gravitational-Potential.md  ←  Gravitational potential
[ 46]   243s added          03_Physical-Quantities/Impulse.md  ←  Impulse (physics)
[ 47]   246s added          03_Physical-Quantities/Intensity.md  ←  Intensity (physics)
[ 48]   253s added          03_Physical-Quantities/Ionisation-Energy.md  ←  Ionization energy
[ 49]   258s added          03_Physical-Quantities/Luminosity.md  ←  Luminosity
[ 50]   262s added          03_Physical-Quantities/Magnetic-Flux-Density.md  ←  Magnetic field
[ 51]   268s no-images      03_Physical-Quantities/Magnetic-Flux-Linkage.md  ←  Flux linkage
[ 52]   273s added          03_Physical-Quantities/Magnetic-Flux.md  ←  Magnetic flux
[ 53]   277s added          03_Physical-Quantities/Mass.md  ←  Mass
[ 54]   282s added          03_Physical-Quantities/Momentum.md  ←  Momentum
[ 55]   286s added          03_Physical-Quantities/Period.md  ←  Frequency
[ 56]   290s added          03_Physical-Quantities/Potential-Difference.md  ←  Voltage
[ 57]   294s added          03_Physical-Quantities/Power.md  ←  Power (physics)
[ 58]   299s added          03_Physical-Quantities/Pressure.md  ←  Pressure
[ 59]   304s added          03_Physical-Quantities/Refractive-Index.md  ←  Refractive index
[ 60]   308s added          03_Physical-Quantities/Resistance.md  ←  Electrical resistance and conductance
[ 61]   313s added          03_Physical-Quantities/Resistivity.md  ←  Electrical resistivity and conductivity
[ 62]   317s added          03_Physical-Quantities/Specific-Heat-Capacity.md  ←  Specific heat capacity
[ 63]   322s added          03_Physical-Quantities/Specific-Latent-Heat.md  ←  Enthalpy of fusion
[ 64]   327s added          03_Physical-Quantities/Speed.md  ←  Speed
[ 65]   331s added          03_Physical-Quantities/Strain.md  ←  Strain (mechanics)
[ 66]   336s added          03_Physical-Quantities/Stress.md  ←  Stress (mechanics)
[ 67]   342s added          03_Physical-Quantities/Time-Constant.md  ←  Tau
[ 68]   346s added          03_Physical-Quantities/Velocity.md  ←  Velocity
[ 69]   350s added          03_Physical-Quantities/Volume.md  ←  Volume
[ 70]   356s no-images      03_Physical-Quantities/Wave-Speed.md  ←  Wave speed
[ 71]   362s added          03_Physical-Quantities/Wavelength.md  ←  Wavelength
[ 72]   366s added          03_Physical-Quantities/Weight.md  ←  Weight
[ 73]   370s added          03_Physical-Quantities/Work.md  ←  Work (physics)
[ 74]   374s added          03_Physical-Quantities/Young-Modulus.md  ←  Young's modulus
[ 75]   379s added          04_Concepts/Absolute-Zero.md  ←  Absolute zero
[ 76]   383s added          04_Concepts/Antiparticles.md  ←  Antiparticle
[ 77]   389s added          04_Concepts/Astronomical-Distances.md  ←  Astronomical unit
[ 78]   395s added          04_Concepts/Atomic-Structure.md  ←  Two Shoes
[ 79]   400s added          04_Concepts/Big-Bang-Theory.md  ←  Big Bang
[ 80]   402s no-images      04_Concepts/Binding-Energy.md  ←  Binding energy
[ 81]   409s no-images      04_Concepts/Breaking-Stress.md  ←  Stress testing (computing)
[ 82]   414s added          04_Concepts/Capacitor.md  ←  Capacitor
[ 83]   423s added          04_Concepts/Capacitors-in-Series-and-Parallel.md  ←  Series and parallel circuits
[ 84]   428s added          04_Concepts/Centre-of-Mass.md  ←  Center of mass
[ 85]   432s added          04_Concepts/Centripetal-Force.md  ←  Centripetal force
[ 86]   438s added          04_Concepts/Circular-Motion.md  ←  Circular motion
[ 87]   448s added          04_Concepts/Comparing-Gravitational-and-Electric-Fields.md  ←  Gravitational potential
[ 88]   453s no-images      04_Concepts/Critical-Angle.md  ←  Critical angle
[ 89]   459s added          04_Concepts/Damping.md  ←  Damping
[ 90]   465s added          04_Concepts/Diffraction-Grating.md  ←  Grating
[ 91]   470s added          04_Concepts/Diffraction.md  ←  Diffraction
[ 92]   476s added          04_Concepts/Doppler-Effect.md  ←  Doppler effect
[ 93]   480s added          04_Concepts/Drag.md  ←  Drag (physics)
[ 94]   485s no-images      04_Concepts/Elastic-Strain-Energy.md  ←  Elastic energy
[ 95]   493s added          04_Concepts/Elastic-and-Inelastic-Collisions.md  ←  Elastic collision
[ 96]   501s added          04_Concepts/Elastic-and-Plastic-Behaviour.md  ←  Deformation (engineering)
[ 97]   505s added          04_Concepts/Electric-Field.md  ←  Electric field
[ 98]   509s added          04_Concepts/Electric-Potential-Energy.md  ←  Electric potential energy
[ 99]   517s added          04_Concepts/Electromagnetic-Induction.md  ←  Electromagnetic induction
[100]   521s added          04_Concepts/Electromagnetic-Spectrum.md  ←  Electromagnetic spectrum
[101]   529s added          04_Concepts/Energy-Levels.md  ←  Energy level
[102]   537s added          04_Concepts/Energy-Stored-in-a-Capacitor.md  ←  Capacitor
[103]   542s added          04_Concepts/Energy-Transfer.md  ←  Energy Transfer
[104]   551s added          04_Concepts/Energy-in-Simple-Harmonic-Motion.md  ←  Simple harmonic motion
[105]   557s added          04_Concepts/Equilibrium.md  ←  Mechanical equilibrium
[106]   560s added          04_Concepts/Free-Fall.md  ←  Free fall
[107]   566s added          04_Concepts/Free-and-Forced-Oscillations.md  ←  Natural frequency
[108]   570s added          04_Concepts/Friction.md  ←  Friction
[109]   575s added          04_Concepts/Fundamental-Particles.md  ←  Elementary particle
[110]   577s added          04_Concepts/Gravitational-Field.md  ←  Gravitational field
[111]   582s added          04_Concepts/Gravitational-Potential-Energy.md  ←  Gravitational energy
[112]   590s added          04_Concepts/Half-Life.md  ←  Half-life
[113]   595s added          04_Concepts/Interference.md  ←  Wave interference
[114]   598s added          04_Concepts/Internal-Energy.md  ←  Internal energy
[115]   605s no-images      04_Concepts/Internal-Resistance.md  ←  Internal resistance
[116]   610s added          04_Concepts/Ionisation.md  ←  Ionization
[117]   615s added          04_Concepts/Isotopes.md  ←  Isotope
[118]   619s added          04_Concepts/Kinetic-Energy.md  ←  Kinetic energy
[119]   625s added          04_Concepts/Kinetic-Theory-of-Gases.md  ←  Kinetic theory of gases
[120]   629s added          04_Concepts/Leptons.md  ←  Lepton
[121]   633s added          04_Concepts/Magnetic-Field.md  ←  Magnetic field
[122]   634s no-images      04_Concepts/Mass-Defect.md  ←  Binding energy
[123]   641s no-images      04_Concepts/Mean-Drift-Velocity.md  ←  Drift velocity
[124]   644s no-images      04_Concepts/Measurement-Uncertainty.md  ←  Measurement uncertainty
[125]   648s added          04_Concepts/Moment.md  ←  Moment (physics)
[126]   653s added          04_Concepts/Normal-Contact-Force.md  ←  Normal force
[127]   657s added          04_Concepts/Nuclear-Fission.md  ←  Nuclear fission
[128]   662s added          04_Concepts/Nuclear-Fusion.md  ←  Nuclear fusion
[129]   667s added          04_Concepts/Orbital-Motion.md  ←  Orbit
[130]   671s no-images      04_Concepts/Path-Difference.md  ←  Optical path length
[131]   678s added          04_Concepts/Phase-Difference.md  ←  Phase (waves)
[132]   683s added          04_Concepts/Photoelectric-Effect.md  ←  Photoelectric effect
[133]   688s added          04_Concepts/Photon-Energy.md  ←  Photon
[134]   694s added          04_Concepts/Polarisation.md  ←  Polarization (waves)
[135]   703s added          04_Concepts/Potential-Divider.md  ←  Voltage divider
[136]   706s added          04_Concepts/Quarks.md  ←  Quark
[137]   710s added          04_Concepts/Radian.md  ←  Radian
[138]   715s added          04_Concepts/Radioactive-Decay.md  ←  Radioactive decay
[139]   720s added          04_Concepts/Radioactivity.md  ←  Radioactive decay
[140]   724s added          04_Concepts/Redshift.md  ←  Redshift
[141]   729s added          04_Concepts/Resolution-Accuracy-and-Precision.md  ←  Accuracy and precision
[142]   734s added          04_Concepts/Resonance.md  ←  Resonance
[143]   742s added          04_Concepts/Resultant-Force.md  ←  Resultant force
[144]   747s added          04_Concepts/SI-Units.md  ←  International System of Units
[145]   751s added          04_Concepts/Simple-Harmonic-Motion.md  ←  Simple harmonic motion
[146]   756s added          04_Concepts/Standing-Waves.md  ←  Standing wave
[147]   760s added          04_Concepts/States-of-Matter.md  ←  State of matter
[148]   765s added          04_Concepts/Static-Electricity.md  ←  Static electricity
[149]   771s added          04_Concepts/Stellar-Evolution.md  ←  Stellar evolution
[150]   774s added          04_Concepts/Superposition.md  ←  Linear combination
[151]   778s added          04_Concepts/Systematic-and-Random-Errors.md  ←  Observational error
[152]   783s added          04_Concepts/Temperature.md  ←  Temperature
[153]   790s added          04_Concepts/Terminal-Velocity.md  ←  Terminal velocity
[154]   796s added          04_Concepts/The-Electronvolt.md  ←  Electronvolt
[155]   800s no-images      04_Concepts/The-Nuclear-Atom.md  ←  Rutherford model
[156]   804s added          04_Concepts/The-Standard-Model.md  ←  Standard Model
[157]   807s added          04_Concepts/Threshold-Frequency.md  ←  Photoelectric effect
[158]   813s added          04_Concepts/Total-Internal-Reflection.md  ←  Total internal reflection
[159]   820s added          04_Concepts/Uniform-Electric-Field.md  ←  Electric flux
[160]   825s added          04_Concepts/Vectors-and-Scalars.md  ←  Vector space
[161]   830s added          04_Concepts/Wave-Particle-Duality.md  ←  Wave–particle duality
[162]   837s added          04_Concepts/Wave-Reflection.md  ←  Reflection (physics)
[163]   846s added          04_Concepts/Wave-Refraction.md  ←  Refraction
[164]   851s no-images      04_Concepts/Work-Function.md  ←  Work function
[165]   860s added          05_Laws-and-Results/Capacitor-Discharge-Equation.md  ←  Capacitor
[166]   864s added          05_Laws-and-Results/Conservation-of-Energy.md  ←  Conservation of energy
[167]   868s added          05_Laws-and-Results/Conservation-of-Momentum.md  ←  Momentum
[168]   872s added          05_Laws-and-Results/Coulombs-Law.md  ←  Coulomb's law
[169]   878s added          05_Laws-and-Results/De-Broglie-Equation.md  ←  Matter wave
[170]   883s added          05_Laws-and-Results/Diffraction-Grating-Equation.md  ←  Diffraction grating
[171]   893s added          05_Laws-and-Results/Faradays-Law.md  ←  Faraday's law of induction
[172]   902s added          05_Laws-and-Results/Force-on-a-Current-Carrying-Conductor.md  ←  Electrical conductor
[173]   912s added          05_Laws-and-Results/Force-on-a-Moving-Charge.md  ←  Lorentz force
[174]   916s added          05_Laws-and-Results/Hookes-Law.md  ←  Hooke's law
[175]   921s added          05_Laws-and-Results/Hubbles-Law.md  ←  Hubble's law
[176]   926s added          05_Laws-and-Results/Ideal-Gas-Equation.md  ←  Ideal gas law
[177]   931s added          05_Laws-and-Results/Keplers-Third-Law.md  ←  Kepler's laws of planetary motion
[178]   938s added          05_Laws-and-Results/Kirchhoffs-First-Law.md  ←  Kirchhoff's circuit laws
[179]   944s added          05_Laws-and-Results/Kirchhoffs-Second-Law.md  ←  Kirchhoff's circuit laws
[180]   949s added          05_Laws-and-Results/Law-of-Reflection.md  ←  Specular reflection
[181]   954s added          05_Laws-and-Results/Lenzs-Law.md  ←  Lenz's law
[182]   960s added          05_Laws-and-Results/Mass-Energy-Equivalence.md  ←  Mass–energy equivalence
[183]   966s added          05_Laws-and-Results/Newton-First-Law.md  ←  Newton's laws of motion
[184]   972s added          05_Laws-and-Results/Newton-Second-Law.md  ←  Newton's laws of motion
[185]   977s added          05_Laws-and-Results/Newton-Third-Law.md  ←  Newton's laws of motion
[186]   983s added          05_Laws-and-Results/Newtons-Law-of-Gravitation.md  ←  Newton's law of universal gravitation
[187]   988s added          05_Laws-and-Results/Ohms-Law.md  ←  Ohm's law
[188]   996s added          05_Laws-and-Results/Photoelectric-Equation.md  ←  Photoelectric effect
[189]   999s added          05_Laws-and-Results/Principle-of-Moments.md  ←  The Principle of Moments
[190]  1010s added          05_Laws-and-Results/Radioactive-Decay-Law.md  ←  Radioactive decay
[191]  1019s added          05_Laws-and-Results/Simple-Harmonic-Motion-Equation.md  ←  Simple harmonic motion
[192]  1024s added          05_Laws-and-Results/Snell-Law.md  ←  Snell's law
[193]  1028s added          05_Laws-and-Results/Stefans-Law.md  ←  Stefan–Boltzmann law
[194]  1036s added          05_Laws-and-Results/Wave-Speed-Equation.md  ←  Wave equation
[195]  1040s added          05_Laws-and-Results/Wiens-Displacement-Law.md  ←  Wien's displacement law
[196]  1044s added          06_Models/Bohr-Model.md  ←  Bohr model
[197]  1050s added          06_Models/Constant-Acceleration-Model.md  ←  Acceleration
[198]  1057s added          06_Models/Free-Body-Model.md  ←  Free body diagram
[199]  1062s added          06_Models/Ideal-Gas-Model.md  ←  Ideal gas
[200]  1071s added          06_Models/Ideal-Spring-Model.md  ←  Spring (device)
[201]  1078s no-images      06_Models/Internal-Resistance-Model.md  ←  Internal resistance
[202]  1082s added          06_Models/Nuclear-Model.md  ←  Atomic nucleus
[203]  1089s no-images      06_Models/Ohmic-Conductor-Model.md  ←  Ohmic contact
[204]  1095s added          06_Models/Photon-Model.md  ←  Photon
[205]  1101s added          06_Models/Point-Mass-Model.md  ←  Point particle
[206]  1108s added          06_Models/Potential-Divider-Model.md  ←  Voltage divider
[207]  1116s added          06_Models/Projectile-Motion-Model.md  ←  Projectile motion
[208]  1123s added          06_Models/Ray-Model-of-Light.md  ←  Geometrical optics
[209]  1128s added          06_Models/Rigid-Body-Model.md  ←  Rigid body
[210]  1133s added          06_Models/Simple-Harmonic-Oscillator.md  ←  Simple harmonic motion
[211]  1137s no-images      06_Models/Wavefront-Model.md  ←  Clock and wavefront model
[212]  1137s skip-type      07_Methods/Analysing-Capacitor-Charge-and-Discharge.md  ←  method
[213]  1137s skip-type      07_Methods/Analysing-Circuit-Diagrams.md  ←  method
[214]  1137s skip-type      07_Methods/Analysing-Wave-Superposition.md  ←  method
[215]  1137s skip-type      07_Methods/Applying-Conservation-of-Energy.md  ←  method
[216]  1137s skip-type      07_Methods/Applying-Conservation-of-Momentum.md  ←  method
[217]  1137s skip-type      07_Methods/Applying-Faradays-Law.md  ←  method
[218]  1137s skip-type      07_Methods/Applying-Newton-Second-Law.md  ←  method
[219]  1137s skip-type      07_Methods/Applying-Snell-Law.md  ←  method
[220]  1137s skip-type      07_Methods/Applying-the-Ideal-Gas-Equation.md  ←  method
[221]  1137s skip-type      07_Methods/Calculating-Binding-Energy-and-Energy-Release.md  ←  method
[222]  1137s skip-type      07_Methods/Calculating-Percentage-Difference.md  ←  method
[223]  1137s skip-type      07_Methods/Calculating-Percentage-Uncertainty.md  ←  method
[224]  1137s skip-type      07_Methods/Combining-Uncertainties.md  ←  method
[225]  1137s skip-type      07_Methods/Differential-Equations.md  ←  method
[226]  1137s skip-type      07_Methods/Differentiation.md  ←  method
[227]  1137s skip-type      07_Methods/Drawing-Free-Body-Diagrams.md  ←  method
[228]  1137s skip-type      07_Methods/Estimating-Uncertainty-from-Apparatus.md  ←  method
[229]  1137s skip-type      07_Methods/Finding-Area-Under-a-Graph.md  ←  method
[230]  1137s skip-type      07_Methods/Finding-Gradient-from-a-Graph.md  ←  method
[231]  1137s skip-type      07_Methods/Integration.md  ←  method
[232]  1137s skip-type      07_Methods/Linearising-a-Graph.md  ←  method
[233]  1137s skip-type      07_Methods/Resolving-Forces.md  ←  method
[234]  1137s skip-type      07_Methods/Resolving-Vectors.md  ←  method
[235]  1137s skip-type      07_Methods/Significant-Figures-in-Measurements.md  ←  method
[236]  1137s skip-type      07_Methods/Solving-Circular-Motion-Problems.md  ←  method
[237]  1137s skip-type      07_Methods/Solving-SHM-Problems.md  ←  method
[238]  1137s skip-type      07_Methods/Trigonometry.md  ←  method
[239]  1137s skip-type      07_Methods/Using-Keplers-Third-Law.md  ←  method
[240]  1137s skip-type      07_Methods/Using-Kirchhoffs-Laws.md  ←  method
[241]  1137s skip-type      07_Methods/Using-Potential-Dividers.md  ←  method
[242]  1137s skip-type      07_Methods/Using-SUVAT-Equations.md  ←  method
[243]  1137s skip-type      07_Methods/Using-Uncertainty-Propagation.md  ←  method
[244]  1137s skip-type      07_Methods/Using-the-Photoelectric-Equation.md  ←  method
[245]  1147s added          08_Representations/Acceleration-Time-Graph.md  ←  Acceleration
[246]  1156s added          08_Representations/Capacitor-Discharge-Graph.md  ←  Ceramic capacitor
[247]  1161s added          08_Representations/Circuit-Diagram.md  ←  Circuit diagram
[248]  1171s added          08_Representations/Displacement-Time-Graph.md  ←  De Bruijn graph
[249]  1177s added          08_Representations/Electric-Field-Line-Diagram.md  ←  Field line
[250]  1188s added          08_Representations/Force-Extension-Graph.md  ←  Rado graph
[251]  1193s added          08_Representations/Free-Body-Diagram.md  ←  Free body diagram
[252]  1202s added          08_Representations/Gravitational-Field-Line-Diagram.md  ←  Field line
[253]  1207s added          08_Representations/Hertzsprung-Russell-Diagram.md  ←  Hertzsprung–Russell diagram
[254]  1218s added          08_Representations/IV-Characteristic.md  ←  Current–voltage characteristic
[255]  1221s no-images      08_Representations/Line-of-Best-Fit-Graph.md  ←  Line fitting
[256]  1231s added          08_Representations/Magnetic-Field-Line-Diagram.md  ←  Field line
[257]  1243s added          08_Representations/Nuclear-Decay-Graph.md  ←  Beta decay
[258]  1252s added          08_Representations/Ray-Diagram.md  ←  Hertzsprung–Russell diagram
[259]  1259s added          08_Representations/Results-Table.md  ←  Table (information)
[260]  1269s added          08_Representations/Standing-Wave-Diagram.md  ←  Standing wave ratio
[261]  1275s added          08_Representations/Stress-Strain-Graph.md  ←  Stress–strain curve
[262]  1285s added          08_Representations/Vector-Triangle.md  ←  Triangle inequality
[263]  1289s added          08_Representations/Velocity-Time-Graph.md  ←  Motion graphs and derivatives
[264]  1298s added          08_Representations/Wavefront-Diagram.md  ←  Feynman diagram
[265]  1308s added          09_Experiments-and-Practicals/Apparatus-and-Techniques/Using-Light-Gates.md  ←  Light-emitting diode
[266]  1314s added          09_Experiments-and-Practicals/Apparatus-and-Techniques/Using-Vernier-Calipers.md  ←  Calipers
[267]  1320s added          09_Experiments-and-Practicals/Apparatus-and-Techniques/Using-a-Micrometer.md  ←  Micrometer (device)
[268]  1326s added          09_Experiments-and-Practicals/Graph-Analysis/Using-Gradient.md  ←  Slope
[269]  1331s added          09_Experiments-and-Practicals/Graph-Analysis/Using-Intercept.md  ←  Y-intercept
[270]  1342s added          09_Experiments-and-Practicals/Required-Practicals/Determining-Internal-Resistance.md  ←  French Resistance
[271]  1350s added          09_Experiments-and-Practicals/Required-Practicals/Investigating-Diffraction-with-a-Grating.md  ←  Diffraction
[272]  1358s added          09_Experiments-and-Practicals/Required-Practicals/Investigating-Electromagnetic-Induction.md  ←  History of electromagnetic theory
[273]  1368s added          09_Experiments-and-Practicals/Required-Practicals/Investigating-Photoelectric-Effect.md  ←  Photoelectric effect
[274]  1376s added          09_Experiments-and-Practicals/Required-Practicals/Investigating-Simple-Harmonic-Motion.md  ←  Quantum harmonic oscillator
[275]  1384s added          09_Experiments-and-Practicals/Required-Practicals/Investigating-Stationary-Waves.md  ←  Melde's experiment
[276]  1394s added          09_Experiments-and-Practicals/Required-Practicals/Measuring-Acceleration-Due-to-Gravity.md  ←  Gravity of Earth
[277]  1401s added          09_Experiments-and-Practicals/Required-Practicals/Measuring-Specific-Heat-Capacity.md  ←  Specific heat capacity
[278]  1411s added          09_Experiments-and-Practicals/Required-Practicals/Measuring-Young-Modulus.md  ←  Young's modulus
[279]  1419s added          09_Experiments-and-Practicals/Required-Practicals/Measuring-the-Planck-Constant.md  ←  Planck constant
[280]  1428s added          09_Experiments-and-Practicals/Required-Practicals/Modelling-Radioactive-Decay.md  ←  Decay chain
[281]  1435s added          10_Applications/Banked-Tracks-and-Centrifuges.md  ←  Centrifuge
[282]  1445s added          10_Applications/Bridge-and-Beam-Loading.md  ←  Beam (structure)
[283]  1452s added          10_Applications/CT-Scanning.md  ←  CT scan
[284]  1460s added          10_Applications/Capacitor-Timing-Circuits.md  ←  Capacitor
[285]  1464s added          10_Applications/Car-Safety.md  ←  Automotive safety
[286]  1468s added          10_Applications/Carbon-Dating.md  ←  Radiocarbon dating
[287]  1474s added          10_Applications/Data-Logging.md  ←  Data logger
[288]  1478s added          10_Applications/Levers.md  ←  Lever
[289]  1486s added          10_Applications/Logic-Gates.md  ←  Logic gate
[290]  1491s added          10_Applications/Medical-Imaging.md  ←  Medical imaging
[291]  1501s added          10_Applications/Numerical-Modelling.md  ←  Numerical weather prediction
[292]  1506s added          10_Applications/Optical-Fibres.md  ←  Optical fiber
[293]  1512s added          10_Applications/PET-Scanning.md  ←  Positron emission tomography
[294]  1516s added          10_Applications/Particle-Accelerators.md  ←  Particle accelerator
[295]  1524s added          10_Applications/Potential-Divider-Sensors.md  ←  Voltage divider
[296]  1528s added          10_Applications/Projectile-Motion.md  ←  Projectile motion
[297]  1534s added          10_Applications/Satellites-and-Geostationary-Orbits.md  ←  Geostationary orbit
[298]  1538s added          10_Applications/Sensors.md  ←  Sensor
[299]  1543s added          10_Applications/Signal-Processing.md  ←  Signal processing
[300]  1549s added          10_Applications/Simulation.md  ←  Simulation
[301]  1555s added          10_Applications/Stars-and-Cosmology.md  ←  Astrophysics
[302]  1562s added          10_Applications/Terminal-Velocity-in-Skydiving.md  ←  Terminal Velocity (film)
[303]  1567s added          10_Applications/The-DC-Motor.md  ←  DC motor
[304]  1572s added          10_Applications/Transformers.md  ←  Transformers
[305]  1581s added          10_Applications/Ultrasound-Imaging.md  ←  Medical ultrasound
[306]  1588s added          10_Applications/X-ray-Imaging.md  ←  Radiography
[307]  1588s skip-type      11_Problems/Mistake-Patterns/Adding-Forces-as-Scalars.md  ←  mistake-pattern
[308]  1588s skip-type      11_Problems/Mistake-Patterns/Confusing-Angular-and-Linear-Quantities.md  ←  mistake-pattern
[309]  1588s skip-type      11_Problems/Mistake-Patterns/Confusing-Energy-and-Power.md  ←  mistake-pattern
[310]  1588s skip-type      11_Problems/Mistake-Patterns/Confusing-Heat-and-Temperature.md  ←  mistake-pattern
[311]  1588s skip-type      11_Problems/Mistake-Patterns/Confusing-Mass-and-Weight.md  ←  mistake-pattern
[312]  1588s skip-type      11_Problems/Mistake-Patterns/Confusing-Photon-Energy-and-Intensity.md  ←  mistake-pattern
[313]  1588s skip-type      11_Problems/Mistake-Patterns/Confusing-Wavelength-and-Amplitude.md  ←  mistake-pattern
[314]  1588s skip-type      11_Problems/Mistake-Patterns/Forgetting-Resultant-Force.md  ←  mistake-pattern
[315]  1588s skip-type      11_Problems/Mistake-Patterns/Forgetting-Vector-Direction.md  ←  mistake-pattern
[316]  1588s skip-type      11_Problems/Mistake-Patterns/Ignoring-Units.md  ←  mistake-pattern
[317]  1588s skip-type      11_Problems/Mistake-Patterns/Incorrect-Sign-Convention.md  ←  mistake-pattern
[318]  1588s skip-type      11_Problems/Mistake-Patterns/Misreading-Graph-Gradient.md  ←  mistake-pattern
[319]  1588s skip-type      11_Problems/Mistake-Patterns/Mixing-Speed-and-Velocity.md  ←  mistake-pattern
[320]  1588s skip-type      11_Problems/Mistake-Patterns/Mixing-Up-EMF-and-Terminal-PD.md  ←  mistake-pattern
[321]  1588s skip-type      11_Problems/Mistake-Patterns/Mixing-Up-Series-and-Parallel-Circuits.md  ←  mistake-pattern
[322]  1588s skip-type      11_Problems/Mistake-Patterns/Treating-Centripetal-Force-as-an-Extra-Force.md  ←  mistake-pattern
[323]  1588s skip-type      11_Problems/Mistake-Patterns/Treating-Scalars-as-Vectors.md  ←  mistake-pattern
[324]  1588s skip-type      11_Problems/Mistake-Patterns/Using-Distance-Instead-of-Displacement.md  ←  mistake-pattern
[325]  1588s skip-type      11_Problems/Mistake-Patterns/Using-SUVAT-When-Acceleration-Is-Not-Constant.md  ←  mistake-pattern
[326]  1588s skip-type      11_Problems/Problem-Types/Calculate-Resultant-Force.md  ←  problem-type
[327]  1588s skip-type      11_Problems/Problem-Types/Capacitor-Discharge-Problem.md  ←  problem-type
[328]  1588s skip-type      11_Problems/Problem-Types/Circular-Motion-Problem.md  ←  problem-type
[329]  1588s skip-type      11_Problems/Problem-Types/Conservation-of-Momentum-Collision.md  ←  problem-type
[330]  1588s skip-type      11_Problems/Problem-Types/Energy-Conservation-Problem.md  ←  problem-type
[331]  1588s skip-type      11_Problems/Problem-Types/Find-Internal-Resistance-from-a-Graph.md  ←  problem-type
[332]  1588s skip-type      11_Problems/Problem-Types/Gravitational-Field-Problem.md  ←  problem-type
[333]  1588s skip-type      11_Problems/Problem-Types/Interpret-a-Velocity-Time-Graph.md  ←  problem-type
[334]  1588s skip-type      11_Problems/Problem-Types/Photoelectric-Effect-Calculation.md  ←  problem-type
[335]  1588s skip-type      11_Problems/Problem-Types/Potential-Divider-Calculation.md  ←  problem-type
[336]  1588s skip-type      11_Problems/Problem-Types/Projectile-Motion-Problem.md  ←  problem-type
[337]  1588s skip-type      11_Problems/Problem-Types/Radioactive-Decay-Problem.md  ←  problem-type
[338]  1588s skip-type      11_Problems/Problem-Types/SUVAT-Kinematics-Problem.md  ←  problem-type
[339]  1588s skip-type      11_Problems/Problem-Types/Series-Parallel-Circuit-Analysis.md  ←  problem-type
[340]  1588s skip-type      11_Problems/Problem-Types/Simple-Harmonic-Motion-Problem.md  ←  problem-type
[341]  1588s skip-type      11_Problems/Problem-Types/Standing-Wave-Problem.md  ←  problem-type
[342]  1588s skip-type      11_Problems/Worked-Examples/Worked-Binding-Energy-per-Nucleon.md  ←  worked-example
[343]  1588s skip-type      11_Problems/Worked-Examples/Worked-Capacitor-Discharge-RC.md  ←  worked-example
[344]  1588s skip-type      11_Problems/Worked-Examples/Worked-Circular-Motion-Conical-Pendulum.md  ←  worked-example
[345]  1588s skip-type      11_Problems/Worked-Examples/Worked-Momentum-Collision.md  ←  worked-example
[346]  1588s skip-type      11_Problems/Worked-Examples/Worked-Photoelectric-Stopping-Potential.md  ←  worked-example
[347]  1588s skip-type      11_Problems/Worked-Examples/Worked-Potential-Divider-Thermistor.md  ←  worked-example
[348]  1588s skip-type      11_Problems/Worked-Examples/Worked-SHM-Mass-Spring.md  ←  worked-example
[349]  1588s skip-type      11_Problems/Worked-Examples/Worked-SUVAT-Cliff-Projectile.md  ←  worked-example

Done: 349 pages processed in 1588s
